-------------------------------------------------------------------------------
Test set: com.moshefarkas.javacompiler.irgeneration.IrGeneratorVisitorTest
-------------------------------------------------------------------------------
Tests run: 5, Failures: 1, Errors: 0, Skipped: 0, Time elapsed: 0.219 s <<< FAILURE! - in com.moshefarkas.javacompiler.irgeneration.IrGeneratorVisitorTest
testAssignment(com.moshefarkas.javacompiler.irgeneration.IrGeneratorVisitorTest)  Time elapsed: 0.026 s  <<< FAILURE!
java.lang.AssertionError: expected:<null> but was:<UNINITIALIZED_VAR>
	at com.moshefarkas.javacompiler.irgeneration.IrGeneratorVisitorTest.testAssignment(IrGeneratorVisitorTest.java:72)

